15:24:15,384 (main) INFO  [DataNucleus.Enhancer] - DataNucleus Enhancer : Using ClassEnhancer "ASM" for API "JDO"
15:24:16,047 (main) INFO  [DataNucleus.Plugin] - Bundle "org.datanucleus" has an optional dependency to "org.eclipse.equinox.registry" but it cannot be resolved
15:24:16,047 (main) INFO  [DataNucleus.Plugin] - Bundle "org.datanucleus" has an optional dependency to "org.eclipse.core.runtime" but it cannot be resolved
15:24:16,917 (main) INFO  [DataNucleus.Enhancer] - DataNucleus Enhancer (version 1.1.4) : Enhancement of classes
15:24:17,076 (main) INFO  [DataNucleus.MetaData] - Class "org.moore.dev.model.BlogPost" has no MetaData or annotations.
15:24:17,104 (main) INFO  [DataNucleus.Enhancer] - DataNucleus Enhancer completed with success for 0 classes. Timings : input=119 ms, enhance=0 ms, total=119 ms. Consult the log for full details
15:24:17,105 (main) INFO  [DataNucleus.Enhancer] - DataNucleus Enhancer completed and no classes were enhanced. Consult the log for full details
15:25:38,720 (main) INFO  [DataNucleus.Enhancer] - DataNucleus Enhancer : Using ClassEnhancer "ASM" for API "JDO"
15:25:38,928 (main) INFO  [DataNucleus.Plugin] - Bundle "org.datanucleus" has an optional dependency to "org.eclipse.equinox.registry" but it cannot be resolved
15:25:38,928 (main) INFO  [DataNucleus.Plugin] - Bundle "org.datanucleus" has an optional dependency to "org.eclipse.core.runtime" but it cannot be resolved
15:25:38,987 (main) INFO  [DataNucleus.Enhancer] - DataNucleus Enhancer (version 1.1.4) : Enhancement of classes
15:25:39,023 (main) INFO  [DataNucleus.MetaData] - Class "org.moore.dev.model.BlogPost" has no MetaData or annotations.
15:25:39,024 (main) INFO  [DataNucleus.Enhancer] - DataNucleus Enhancer completed with success for 0 classes. Timings : input=32 ms, enhance=0 ms, total=32 ms. Consult the log for full details
15:25:39,024 (main) INFO  [DataNucleus.Enhancer] - DataNucleus Enhancer completed and no classes were enhanced. Consult the log for full details
15:27:53,727 (main) INFO  [DataNucleus.Enhancer] - DataNucleus Enhancer : Using ClassEnhancer "ASM" for API "JDO"
15:27:53,932 (main) INFO  [DataNucleus.Plugin] - Bundle "org.datanucleus" has an optional dependency to "org.eclipse.equinox.registry" but it cannot be resolved
15:27:53,932 (main) INFO  [DataNucleus.Plugin] - Bundle "org.datanucleus" has an optional dependency to "org.eclipse.core.runtime" but it cannot be resolved
15:27:53,993 (main) INFO  [DataNucleus.Enhancer] - DataNucleus Enhancer (version 1.1.4) : Enhancement of classes
15:27:54,030 (main) INFO  [DataNucleus.MetaData] - Class "org.moore.dev.model.BlogPost" has no MetaData or annotations.
15:27:54,031 (main) INFO  [DataNucleus.Enhancer] - DataNucleus Enhancer completed with success for 0 classes. Timings : input=33 ms, enhance=0 ms, total=33 ms. Consult the log for full details
15:27:54,031 (main) INFO  [DataNucleus.Enhancer] - DataNucleus Enhancer completed and no classes were enhanced. Consult the log for full details
15:30:57,433 (main) INFO  [DataNucleus.Enhancer] - DataNucleus Enhancer : Using ClassEnhancer "ASM" for API "JDO"
15:30:57,642 (main) INFO  [DataNucleus.Plugin] - Bundle "org.datanucleus" has an optional dependency to "org.eclipse.equinox.registry" but it cannot be resolved
15:30:57,642 (main) INFO  [DataNucleus.Plugin] - Bundle "org.datanucleus" has an optional dependency to "org.eclipse.core.runtime" but it cannot be resolved
15:30:57,703 (main) INFO  [DataNucleus.Enhancer] - DataNucleus Enhancer (version 1.1.4) : Enhancement of classes
15:30:57,745 (main) INFO  [DataNucleus.MetaData] - Class "org.moore.dev.model.BlogPost" has no MetaData or annotations.
15:30:57,746 (main) INFO  [DataNucleus.Enhancer] - DataNucleus Enhancer completed with success for 0 classes. Timings : input=38 ms, enhance=0 ms, total=38 ms. Consult the log for full details
15:30:57,746 (main) INFO  [DataNucleus.Enhancer] - DataNucleus Enhancer completed and no classes were enhanced. Consult the log for full details
10:10:49,340 (main) INFO  [DataNucleus.Enhancer] - DataNucleus Enhancer : Using ClassEnhancer "ASM" for API "JDO"
10:10:49,556 (main) INFO  [DataNucleus.Plugin] - Bundle "org.datanucleus" has an optional dependency to "org.eclipse.equinox.registry" but it cannot be resolved
10:10:49,556 (main) INFO  [DataNucleus.Plugin] - Bundle "org.datanucleus" has an optional dependency to "org.eclipse.core.runtime" but it cannot be resolved
10:10:49,615 (main) INFO  [DataNucleus.Enhancer] - DataNucleus Enhancer (version 1.1.4) : Enhancement of classes
10:10:49,679 (main) INFO  [DataNucleus.MetaData] - Class "org.moore.dev.model.BlogPost" has no MetaData or annotations.
10:10:49,680 (main) INFO  [DataNucleus.Enhancer] - DataNucleus Enhancer completed with success for 0 classes. Timings : input=34 ms, enhance=0 ms, total=34 ms. Consult the log for full details
10:10:49,680 (main) INFO  [DataNucleus.Enhancer] - DataNucleus Enhancer completed and no classes were enhanced. Consult the log for full details
10:14:45,881 (main) INFO  [DataNucleus.Enhancer] - DataNucleus Enhancer : Using ClassEnhancer "ASM" for API "JDO"
10:14:46,127 (main) INFO  [DataNucleus.Plugin] - Bundle "org.datanucleus" has an optional dependency to "org.eclipse.equinox.registry" but it cannot be resolved
10:14:46,127 (main) INFO  [DataNucleus.Plugin] - Bundle "org.datanucleus" has an optional dependency to "org.eclipse.core.runtime" but it cannot be resolved
10:14:46,190 (main) INFO  [DataNucleus.Enhancer] - DataNucleus Enhancer (version 1.1.4) : Enhancement of classes
10:14:46,227 (main) INFO  [DataNucleus.MetaData] - Class "org.moore.dev.model.BlogPost" has no MetaData or annotations.
10:14:46,228 (main) INFO  [DataNucleus.Enhancer] - DataNucleus Enhancer completed with success for 0 classes. Timings : input=34 ms, enhance=0 ms, total=34 ms. Consult the log for full details
10:14:46,228 (main) INFO  [DataNucleus.Enhancer] - DataNucleus Enhancer completed and no classes were enhanced. Consult the log for full details
10:15:07,017 (main) INFO  [DataNucleus.Enhancer] - DataNucleus Enhancer : Using ClassEnhancer "ASM" for API "JDO"
10:15:07,239 (main) INFO  [DataNucleus.Plugin] - Bundle "org.datanucleus" has an optional dependency to "org.eclipse.equinox.registry" but it cannot be resolved
10:15:07,239 (main) INFO  [DataNucleus.Plugin] - Bundle "org.datanucleus" has an optional dependency to "org.eclipse.core.runtime" but it cannot be resolved
10:15:07,303 (main) INFO  [DataNucleus.Enhancer] - DataNucleus Enhancer (version 1.1.4) : Enhancement of classes
10:15:07,343 (main) INFO  [DataNucleus.MetaData] - Class "org.moore.dev.model.BlogPost" has no MetaData or annotations.
10:15:07,344 (main) INFO  [DataNucleus.Enhancer] - DataNucleus Enhancer completed with success for 0 classes. Timings : input=36 ms, enhance=0 ms, total=36 ms. Consult the log for full details
10:15:07,344 (main) INFO  [DataNucleus.Enhancer] - DataNucleus Enhancer completed and no classes were enhanced. Consult the log for full details
10:26:05,481 (main) INFO  [DataNucleus.Enhancer] - DataNucleus Enhancer : Using ClassEnhancer "ASM" for API "JDO"
10:26:05,688 (main) INFO  [DataNucleus.Plugin] - Bundle "org.datanucleus" has an optional dependency to "org.eclipse.equinox.registry" but it cannot be resolved
10:26:05,688 (main) INFO  [DataNucleus.Plugin] - Bundle "org.datanucleus" has an optional dependency to "org.eclipse.core.runtime" but it cannot be resolved
10:26:05,747 (main) INFO  [DataNucleus.Enhancer] - DataNucleus Enhancer (version 1.1.4) : Enhancement of classes
10:26:05,785 (main) INFO  [DataNucleus.MetaData] - Class "org.moore.dev.model.BlogPost" has no MetaData or annotations.
10:26:05,786 (main) INFO  [DataNucleus.Enhancer] - DataNucleus Enhancer completed with success for 0 classes. Timings : input=34 ms, enhance=0 ms, total=34 ms. Consult the log for full details
10:26:05,786 (main) INFO  [DataNucleus.Enhancer] - DataNucleus Enhancer completed and no classes were enhanced. Consult the log for full details
10:32:01,304 (main) INFO  [DataNucleus.Enhancer] - DataNucleus Enhancer : Using ClassEnhancer "ASM" for API "JDO"
10:32:01,515 (main) INFO  [DataNucleus.Plugin] - Bundle "org.datanucleus" has an optional dependency to "org.eclipse.equinox.registry" but it cannot be resolved
10:32:01,515 (main) INFO  [DataNucleus.Plugin] - Bundle "org.datanucleus" has an optional dependency to "org.eclipse.core.runtime" but it cannot be resolved
10:32:01,576 (main) INFO  [DataNucleus.Enhancer] - DataNucleus Enhancer (version 1.1.4) : Enhancement of classes
10:32:01,613 (main) INFO  [DataNucleus.MetaData] - Class "org.moore.dev.model.BlogPost" has no MetaData or annotations.
10:32:01,614 (main) INFO  [DataNucleus.Enhancer] - DataNucleus Enhancer completed with success for 0 classes. Timings : input=33 ms, enhance=0 ms, total=33 ms. Consult the log for full details
10:32:01,614 (main) INFO  [DataNucleus.Enhancer] - DataNucleus Enhancer completed and no classes were enhanced. Consult the log for full details
10:35:54,700 (main) INFO  [DataNucleus.Enhancer] - DataNucleus Enhancer : Using ClassEnhancer "ASM" for API "JDO"
10:35:54,945 (main) INFO  [DataNucleus.Plugin] - Bundle "org.datanucleus" has an optional dependency to "org.eclipse.equinox.registry" but it cannot be resolved
10:35:54,945 (main) INFO  [DataNucleus.Plugin] - Bundle "org.datanucleus" has an optional dependency to "org.eclipse.core.runtime" but it cannot be resolved
10:35:55,006 (main) INFO  [DataNucleus.Enhancer] - DataNucleus Enhancer (version 1.1.4) : Enhancement of classes
10:35:55,045 (main) INFO  [DataNucleus.MetaData] - Class "org.moore.dev.model.BlogPost" has no MetaData or annotations.
10:35:55,046 (main) INFO  [DataNucleus.Enhancer] - DataNucleus Enhancer completed with success for 0 classes. Timings : input=34 ms, enhance=0 ms, total=34 ms. Consult the log for full details
10:35:55,046 (main) INFO  [DataNucleus.Enhancer] - DataNucleus Enhancer completed and no classes were enhanced. Consult the log for full details
10:48:16,952 (main) INFO  [DataNucleus.Enhancer] - DataNucleus Enhancer : Using ClassEnhancer "ASM" for API "JDO"
10:48:17,165 (main) INFO  [DataNucleus.Plugin] - Bundle "org.datanucleus" has an optional dependency to "org.eclipse.equinox.registry" but it cannot be resolved
10:48:17,166 (main) INFO  [DataNucleus.Plugin] - Bundle "org.datanucleus" has an optional dependency to "org.eclipse.core.runtime" but it cannot be resolved
10:48:17,226 (main) INFO  [DataNucleus.Enhancer] - DataNucleus Enhancer (version 1.1.4) : Enhancement of classes
10:48:17,264 (main) INFO  [DataNucleus.MetaData] - Class "org.moore.dev.model.BlogPost" has no MetaData or annotations.
10:48:17,265 (main) INFO  [DataNucleus.Enhancer] - DataNucleus Enhancer completed with success for 0 classes. Timings : input=34 ms, enhance=0 ms, total=34 ms. Consult the log for full details
10:48:17,265 (main) INFO  [DataNucleus.Enhancer] - DataNucleus Enhancer completed and no classes were enhanced. Consult the log for full details
10:58:39,782 (main) INFO  [DataNucleus.Enhancer] - DataNucleus Enhancer : Using ClassEnhancer "ASM" for API "JDO"
10:58:40,003 (main) INFO  [DataNucleus.Plugin] - Bundle "org.datanucleus" has an optional dependency to "org.eclipse.equinox.registry" but it cannot be resolved
10:58:40,003 (main) INFO  [DataNucleus.Plugin] - Bundle "org.datanucleus" has an optional dependency to "org.eclipse.core.runtime" but it cannot be resolved
10:58:40,069 (main) INFO  [DataNucleus.Enhancer] - DataNucleus Enhancer (version 1.1.4) : Enhancement of classes
10:58:40,111 (main) INFO  [DataNucleus.MetaData] - Class "org.moore.dev.model.BlogPost" has no MetaData or annotations.
10:58:40,112 (main) INFO  [DataNucleus.Enhancer] - DataNucleus Enhancer completed with success for 0 classes. Timings : input=38 ms, enhance=1 ms, total=39 ms. Consult the log for full details
10:58:40,112 (main) INFO  [DataNucleus.Enhancer] - DataNucleus Enhancer completed and no classes were enhanced. Consult the log for full details
21:34:19,653 (main) INFO  [DataNucleus.Enhancer] - DataNucleus Enhancer : Using ClassEnhancer "ASM" for API "JDO"
21:34:19,900 (main) INFO  [DataNucleus.Plugin] - Bundle "org.datanucleus" has an optional dependency to "org.eclipse.equinox.registry" but it cannot be resolved
21:34:19,900 (main) INFO  [DataNucleus.Plugin] - Bundle "org.datanucleus" has an optional dependency to "org.eclipse.core.runtime" but it cannot be resolved
21:34:19,963 (main) INFO  [DataNucleus.Enhancer] - DataNucleus Enhancer (version 1.1.4) : Enhancement of classes
21:34:20,028 (main) INFO  [DataNucleus.MetaData] - Class "org.moore.dev.model.BlogPost" has no MetaData or annotations.
21:34:20,029 (main) INFO  [DataNucleus.Enhancer] - DataNucleus Enhancer completed with success for 0 classes. Timings : input=50 ms, enhance=0 ms, total=50 ms. Consult the log for full details
21:34:20,029 (main) INFO  [DataNucleus.Enhancer] - DataNucleus Enhancer completed and no classes were enhanced. Consult the log for full details
21:35:24,559 (main) INFO  [DataNucleus.Enhancer] - DataNucleus Enhancer : Using ClassEnhancer "ASM" for API "JDO"
21:35:24,783 (main) INFO  [DataNucleus.Plugin] - Bundle "org.datanucleus" has an optional dependency to "org.eclipse.equinox.registry" but it cannot be resolved
21:35:24,783 (main) INFO  [DataNucleus.Plugin] - Bundle "org.datanucleus" has an optional dependency to "org.eclipse.core.runtime" but it cannot be resolved
21:35:24,851 (main) INFO  [DataNucleus.Enhancer] - DataNucleus Enhancer (version 1.1.4) : Enhancement of classes
21:35:24,892 (main) INFO  [DataNucleus.MetaData] - Class "org.moore.dev.model.BlogPost" has no MetaData or annotations.
21:35:24,893 (main) INFO  [DataNucleus.Enhancer] - DataNucleus Enhancer completed with success for 0 classes. Timings : input=37 ms, enhance=0 ms, total=37 ms. Consult the log for full details
21:35:24,893 (main) INFO  [DataNucleus.Enhancer] - DataNucleus Enhancer completed and no classes were enhanced. Consult the log for full details
21:36:45,724 (main) INFO  [DataNucleus.Enhancer] - DataNucleus Enhancer : Using ClassEnhancer "ASM" for API "JDO"
21:36:45,959 (main) INFO  [DataNucleus.Plugin] - Bundle "org.datanucleus" has an optional dependency to "org.eclipse.equinox.registry" but it cannot be resolved
21:36:45,960 (main) INFO  [DataNucleus.Plugin] - Bundle "org.datanucleus" has an optional dependency to "org.eclipse.core.runtime" but it cannot be resolved
21:36:46,029 (main) INFO  [DataNucleus.Enhancer] - DataNucleus Enhancer (version 1.1.4) : Enhancement of classes
21:36:46,072 (main) INFO  [DataNucleus.MetaData] - Class "org.moore.dev.model.BlogPost" has no MetaData or annotations.
21:36:46,074 (main) INFO  [DataNucleus.Enhancer] - DataNucleus Enhancer completed with success for 0 classes. Timings : input=38 ms, enhance=0 ms, total=38 ms. Consult the log for full details
21:36:46,074 (main) INFO  [DataNucleus.Enhancer] - DataNucleus Enhancer completed and no classes were enhanced. Consult the log for full details
21:48:25,900 (main) INFO  [DataNucleus.Enhancer] - DataNucleus Enhancer : Using ClassEnhancer "ASM" for API "JDO"
21:48:26,135 (main) INFO  [DataNucleus.Plugin] - Bundle "org.datanucleus" has an optional dependency to "org.eclipse.equinox.registry" but it cannot be resolved
21:48:26,135 (main) INFO  [DataNucleus.Plugin] - Bundle "org.datanucleus" has an optional dependency to "org.eclipse.core.runtime" but it cannot be resolved
21:48:26,200 (main) INFO  [DataNucleus.Enhancer] - DataNucleus Enhancer (version 1.1.4) : Enhancement of classes
21:48:26,244 (main) INFO  [DataNucleus.MetaData] - Class "org.moore.dev.model.BlogPost" has no MetaData or annotations.
21:48:26,245 (main) INFO  [DataNucleus.Enhancer] - DataNucleus Enhancer completed with success for 0 classes. Timings : input=40 ms, enhance=0 ms, total=40 ms. Consult the log for full details
21:48:26,246 (main) INFO  [DataNucleus.Enhancer] - DataNucleus Enhancer completed and no classes were enhanced. Consult the log for full details
21:48:43,704 (main) INFO  [DataNucleus.Enhancer] - DataNucleus Enhancer : Using ClassEnhancer "ASM" for API "JDO"
21:48:43,926 (main) INFO  [DataNucleus.Plugin] - Bundle "org.datanucleus" has an optional dependency to "org.eclipse.equinox.registry" but it cannot be resolved
21:48:43,926 (main) INFO  [DataNucleus.Plugin] - Bundle "org.datanucleus" has an optional dependency to "org.eclipse.core.runtime" but it cannot be resolved
21:48:43,989 (main) INFO  [DataNucleus.Enhancer] - DataNucleus Enhancer (version 1.1.4) : Enhancement of classes
21:48:44,031 (main) INFO  [DataNucleus.MetaData] - Class "org.moore.dev.model.BlogPost" has no MetaData or annotations.
21:48:44,032 (main) INFO  [DataNucleus.Enhancer] - DataNucleus Enhancer completed with success for 0 classes. Timings : input=38 ms, enhance=0 ms, total=38 ms. Consult the log for full details
21:48:44,032 (main) INFO  [DataNucleus.Enhancer] - DataNucleus Enhancer completed and no classes were enhanced. Consult the log for full details
21:55:54,633 (main) INFO  [DataNucleus.Enhancer] - DataNucleus Enhancer : Using ClassEnhancer "ASM" for API "JDO"
21:55:54,872 (main) INFO  [DataNucleus.Plugin] - Bundle "org.datanucleus" has an optional dependency to "org.eclipse.equinox.registry" but it cannot be resolved
21:55:54,872 (main) INFO  [DataNucleus.Plugin] - Bundle "org.datanucleus" has an optional dependency to "org.eclipse.core.runtime" but it cannot be resolved
21:55:54,935 (main) INFO  [DataNucleus.Enhancer] - DataNucleus Enhancer (version 1.1.4) : Enhancement of classes
21:55:54,974 (main) INFO  [DataNucleus.MetaData] - Class "org.moore.dev.model.BlogPost" has no MetaData or annotations.
21:55:54,975 (main) INFO  [DataNucleus.Enhancer] - DataNucleus Enhancer completed with success for 0 classes. Timings : input=34 ms, enhance=0 ms, total=34 ms. Consult the log for full details
21:55:54,976 (main) INFO  [DataNucleus.Enhancer] - DataNucleus Enhancer completed and no classes were enhanced. Consult the log for full details
22:00:29,095 (main) INFO  [DataNucleus.Enhancer] - DataNucleus Enhancer : Using ClassEnhancer "ASM" for API "JDO"
22:00:29,315 (main) INFO  [DataNucleus.Plugin] - Bundle "org.datanucleus" has an optional dependency to "org.eclipse.equinox.registry" but it cannot be resolved
22:00:29,315 (main) INFO  [DataNucleus.Plugin] - Bundle "org.datanucleus" has an optional dependency to "org.eclipse.core.runtime" but it cannot be resolved
22:00:29,378 (main) INFO  [DataNucleus.Enhancer] - DataNucleus Enhancer (version 1.1.4) : Enhancement of classes
22:00:29,419 (main) INFO  [DataNucleus.MetaData] - Class "org.moore.dev.model.BlogPost" has no MetaData or annotations.
22:00:29,420 (main) INFO  [DataNucleus.Enhancer] - DataNucleus Enhancer completed with success for 0 classes. Timings : input=36 ms, enhance=0 ms, total=36 ms. Consult the log for full details
22:00:29,420 (main) INFO  [DataNucleus.Enhancer] - DataNucleus Enhancer completed and no classes were enhanced. Consult the log for full details
22:15:10,674 (main) INFO  [DataNucleus.Enhancer] - DataNucleus Enhancer : Using ClassEnhancer "ASM" for API "JDO"
22:15:10,884 (main) INFO  [DataNucleus.Plugin] - Bundle "org.datanucleus" has an optional dependency to "org.eclipse.equinox.registry" but it cannot be resolved
22:15:10,884 (main) INFO  [DataNucleus.Plugin] - Bundle "org.datanucleus" has an optional dependency to "org.eclipse.core.runtime" but it cannot be resolved
22:15:10,945 (main) INFO  [DataNucleus.Enhancer] - DataNucleus Enhancer (version 1.1.4) : Enhancement of classes
22:15:10,982 (main) INFO  [DataNucleus.MetaData] - Class "org.moore.dev.model.BlogPost" has no MetaData or annotations.
22:15:10,983 (main) INFO  [DataNucleus.Enhancer] - DataNucleus Enhancer completed with success for 0 classes. Timings : input=33 ms, enhance=0 ms, total=33 ms. Consult the log for full details
22:15:10,983 (main) INFO  [DataNucleus.Enhancer] - DataNucleus Enhancer completed and no classes were enhanced. Consult the log for full details
22:21:59,317 (main) INFO  [DataNucleus.Enhancer] - DataNucleus Enhancer : Using ClassEnhancer "ASM" for API "JDO"
22:21:59,542 (main) INFO  [DataNucleus.Plugin] - Bundle "org.datanucleus" has an optional dependency to "org.eclipse.equinox.registry" but it cannot be resolved
22:21:59,542 (main) INFO  [DataNucleus.Plugin] - Bundle "org.datanucleus" has an optional dependency to "org.eclipse.core.runtime" but it cannot be resolved
22:21:59,608 (main) INFO  [DataNucleus.Enhancer] - DataNucleus Enhancer (version 1.1.4) : Enhancement of classes
22:21:59,653 (main) INFO  [DataNucleus.MetaData] - Class "org.moore.dev.model.BlogPost" has no MetaData or annotations.
22:21:59,655 (main) INFO  [DataNucleus.Enhancer] - DataNucleus Enhancer completed with success for 0 classes. Timings : input=42 ms, enhance=0 ms, total=42 ms. Consult the log for full details
22:21:59,655 (main) INFO  [DataNucleus.Enhancer] - DataNucleus Enhancer completed and no classes were enhanced. Consult the log for full details
08:47:37,543 (main) INFO  [DataNucleus.Enhancer] - DataNucleus Enhancer : Using ClassEnhancer "ASM" for API "JDO"
08:47:37,761 (main) INFO  [DataNucleus.Plugin] - Bundle "org.datanucleus" has an optional dependency to "org.eclipse.equinox.registry" but it cannot be resolved
08:47:37,761 (main) INFO  [DataNucleus.Plugin] - Bundle "org.datanucleus" has an optional dependency to "org.eclipse.core.runtime" but it cannot be resolved
08:47:37,830 (main) INFO  [DataNucleus.Enhancer] - DataNucleus Enhancer (version 1.1.4) : Enhancement of classes
08:47:37,889 (main) INFO  [DataNucleus.MetaData] - Class "org.moore.dev.model.BlogPost" has no MetaData or annotations.
08:47:37,890 (main) INFO  [DataNucleus.Enhancer] - DataNucleus Enhancer completed with success for 0 classes. Timings : input=52 ms, enhance=0 ms, total=52 ms. Consult the log for full details
08:47:37,890 (main) INFO  [DataNucleus.Enhancer] - DataNucleus Enhancer completed and no classes were enhanced. Consult the log for full details
